<?xml version="1.0" encoding="UTF-8"?>
<testsuite xmlns:xsi="http://www.w3.org/2001/XMLSchema-instance" xsi:noNamespaceSchemaLocation="https://maven.apache.org/surefire/maven-surefire-plugin/xsd/surefire-test-report-3.0.xsd" version="3.0" name="com.app.service.CarsServiceTest" time="1.949" tests="14" errors="0" skipped="0" failures="0">
  <properties>
[...]
</properties>
  <testcase name="findCarsWithPriceInRangeTest1" classname="com.app.service.CarsServiceTest" time="0.005"/>
  <testcase name="findCarsWithPriceInRangeTest2" classname="com.app.service.CarsServiceTest" time="0.004"/>
  <testcase name="findCarsWithPriceInRangeTest3" classname="com.app.service.CarsServiceTest" time="0.002"/>
  <testcase name="findCarsWithPriceInRangeTest4" classname="com.app.service.CarsServiceTest" time="0.003"/>
  <testcase name="carsWithSortedComponentsTest" classname="com.app.service.CarsServiceTest" time="0.001"/>
  <testcase name="findCarsWithMileageGreaterThanTest1" classname="com.app.service.CarsServiceTest" time="0.002"/>
  <testcase name="findCarsWithMileageGreaterThanTest2" classname="com.app.service.CarsServiceTest" time="0.002"/>
  <testcase name="sortTest1" classname="com.app.service.CarsServiceTest" time="0.001"/>
  <testcase name="sortTest2" classname="com.app.service.CarsServiceTest" time="0.003"/>
  <testcase name="sortTest3" classname="com.app.service.CarsServiceTest" time="0.002"/>
  <testcase name="sortTest4" classname="com.app.service.CarsServiceTest" time="0.001"/>
  <testcase name="sortTest5" classname="com.app.service.CarsServiceTest" time="0.001"/>
  <testcase name="sortTest6" classname="com.app.service.CarsServiceTest" time="0.001"/>
  <testcase name="groupByComponentTest" classname="com.app.service.CarsServiceTest" time="0.015"/>
</testsuite>